<?xml version="1.0" encoding="UTF-8"?>
<!-- Generated by org.testng.reporters.JUnitReportReporter -->
<testsuite hostname="jhonesLG" failures="0" tests="4" name="com.bank.testsuite.BankTest" time="23.113" errors="0" timestamp="2022-12-13T13:48:34 GMT" skipped="0">
  <testcase classname="com.bank.testsuite.BankTest" name="customerShouldLoginAndLogoutSuccessfully" time="9.182"/>
  <system-out>
    <![CDATA[Clicking on login button[[ChromeDriver: chrome on WINDOWS (29c2125a70b221ea54b519662e5757e8)] -> xpath: //button[contains(text(),'Customer Login')]]
Selecting customer from dropdown[[[ChromeDriver: chrome on WINDOWS (29c2125a70b221ea54b519662e5757e8)] -> xpath: //form[@role='form']/child::div[1]/select/child::*], [[ChromeDriver: chrome on WINDOWS (29c2125a70b221ea54b519662e5757e8)] -> xpath: //form[@role='form']/child::div[1]/select/child::*], [[ChromeDriver: chrome on WINDOWS (29c2125a70b221ea54b519662e5757e8)] -> xpath: //form[@role='form']/child::div[1]/select/child::*], [[ChromeDriver: chrome on WINDOWS (29c2125a70b221ea54b519662e5757e8)] -> xpath: //form[@role='form']/child::div[1]/select/child::*], [[ChromeDriver: chrome on WINDOWS (29c2125a70b221ea54b519662e5757e8)] -> xpath: //form[@role='form']/child::div[1]/select/child::*], [[ChromeDriver: chrome on WINDOWS (29c2125a70b221ea54b519662e5757e8)] -> xpath: //form[@role='form']/child::div[1]/select/child::*]]
Clicking on login button[[ChromeDriver: chrome on WINDOWS (29c2125a70b221ea54b519662e5757e8)] -> xpath: //button[contains(text(),'Login')]]
Verifying logout message
Clicking on logout button[[ChromeDriver: chrome on WINDOWS (29c2125a70b221ea54b519662e5757e8)] -> xpath: //button[contains(text(),'Logout')]]
Verifying Your Name heading]]>
  </system-out>
  <testcase classname="com.bank.testsuite.BankTest" name="bankManagerShouldOpenAccountSuccessfully" time="6.003"/>
  <system-out>
    <![CDATA[Clicking on Manager Login tab
Clicking on add customer button[[ChromeDriver: chrome on WINDOWS (d7825e940079c17ef6cfb0404191f63f)] -> xpath: //button[contains(text(),'Add Customer')]]
Enter firstname Joe to name field [[ChromeDriver: chrome on WINDOWS (d7825e940079c17ef6cfb0404191f63f)] -> xpath: //form//input[@placeholder='First Name']]
Enter lastname Smith to lastname field [[ChromeDriver: chrome on WINDOWS (d7825e940079c17ef6cfb0404191f63f)] -> xpath: //form//input[@placeholder='Last Name']]
Enter postcode 380019 to postcode field [[ChromeDriver: chrome on WINDOWS (d7825e940079c17ef6cfb0404191f63f)] -> xpath: //form//input[@placeholder='Post Code']]
Clicking on add customer button[[ChromeDriver: chrome on WINDOWS (d7825e940079c17ef6cfb0404191f63f)] -> xpath: //button[@type='submit']]
Verifying popup text
Clicking on open account tab[[ChromeDriver: chrome on WINDOWS (d7825e940079c17ef6cfb0404191f63f)] -> xpath: //button[contains(text(),'Open Account')]]
Selecting customer name from dropdown
Selecting currency name from dropdown]]>
  </system-out>
  <testcase classname="com.bank.testsuite.BankTest" name="bankManagerShouldAddCustomerSuccessfully" time="3.470"/>
  <system-out>
    <![CDATA[Clicking on Manager Login tab
Clicking on add customer button[[ChromeDriver: chrome on WINDOWS (708a439e75a43b24ad22edd832da61c6)] -> xpath: //button[contains(text(),'Add Customer')]]
Enter firstname Joe to name field [[ChromeDriver: chrome on WINDOWS (708a439e75a43b24ad22edd832da61c6)] -> xpath: //form//input[@placeholder='First Name']]
Enter lastname Smith to lastname field [[ChromeDriver: chrome on WINDOWS (708a439e75a43b24ad22edd832da61c6)] -> xpath: //form//input[@placeholder='Last Name']]
Enter postcode 380019 to postcode field [[ChromeDriver: chrome on WINDOWS (708a439e75a43b24ad22edd832da61c6)] -> xpath: //form//input[@placeholder='Post Code']]
Clicking on add customer button[[ChromeDriver: chrome on WINDOWS (708a439e75a43b24ad22edd832da61c6)] -> xpath: //button[@type='submit']]
Verifying popup text]]>
  </system-out>
  <testcase classname="com.bank.testsuite.BankTest" name="customerShouldDepositMoneySuccessfully" time="4.458"/>
  <system-out>
    <![CDATA[Clicking on login button[[ChromeDriver: chrome on WINDOWS (94c8c95a88385b4172eb2ce51ad33a9a)] -> xpath: //button[contains(text(),'Customer Login')]]
Selecting customer from dropdown[[[ChromeDriver: chrome on WINDOWS (94c8c95a88385b4172eb2ce51ad33a9a)] -> xpath: //form[@role='form']/child::div[1]/select/child::*], [[ChromeDriver: chrome on WINDOWS (94c8c95a88385b4172eb2ce51ad33a9a)] -> xpath: //form[@role='form']/child::div[1]/select/child::*], [[ChromeDriver: chrome on WINDOWS (94c8c95a88385b4172eb2ce51ad33a9a)] -> xpath: //form[@role='form']/child::div[1]/select/child::*], [[ChromeDriver: chrome on WINDOWS (94c8c95a88385b4172eb2ce51ad33a9a)] -> xpath: //form[@role='form']/child::div[1]/select/child::*], [[ChromeDriver: chrome on WINDOWS (94c8c95a88385b4172eb2ce51ad33a9a)] -> xpath: //form[@role='form']/child::div[1]/select/child::*], [[ChromeDriver: chrome on WINDOWS (94c8c95a88385b4172eb2ce51ad33a9a)] -> xpath: //form[@role='form']/child::div[1]/select/child::*]]
Clicking on login button[[ChromeDriver: chrome on WINDOWS (94c8c95a88385b4172eb2ce51ad33a9a)] -> xpath: //button[contains(text(),'Login')]]
Clicking on continue button[[ChromeDriver: chrome on WINDOWS (94c8c95a88385b4172eb2ce51ad33a9a)] -> xpath: //div[@class='borderM box padT20 ng-scope']/div[3]/button[2]]
Enter amount 100 to amount field [[ChromeDriver: chrome on WINDOWS (94c8c95a88385b4172eb2ce51ad33a9a)] -> xpath: //input[@placeholder='amount']]
Clicking on continue button[[ChromeDriver: chrome on WINDOWS (94c8c95a88385b4172eb2ce51ad33a9a)] -> xpath: //button[@class='btn btn-default'][contains(text(),'Deposit')]]
Deposit successfull message[[ChromeDriver: chrome on WINDOWS (94c8c95a88385b4172eb2ce51ad33a9a)] -> xpath: //span[contains(text(), 'Deposit Successful')]]]]>
  </system-out>
</testsuite> <!-- com.bank.testsuite.BankTest -->
